  Source.cpp
e:\programs\project neon v2\project neon v2\source.cpp(18): warning C4309: 'initializing': truncation of constant value
e:\programs\project neon v2\project neon v2\source.cpp(23): error C2065: 'string': undeclared identifier
e:\programs\project neon v2\project neon v2\source.cpp(23): error C2146: syntax error: missing ';' before identifier 'message'
e:\programs\project neon v2\project neon v2\source.cpp(23): error C2065: 'message': undeclared identifier
e:\programs\project neon v2\project neon v2\source.cpp(33): error C2065: 'cin': undeclared identifier
e:\programs\project neon v2\project neon v2\source.cpp(33): error C2065: 'message': undeclared identifier
e:\programs\project neon v2\project neon v2\source.cpp(33): error C3861: 'getline': identifier not found
e:\programs\project neon v2\project neon v2\source.cpp(35): error C2065: 'message': undeclared identifier
e:\programs\project neon v2\project neon v2\source.cpp(36): error C2065: 'message': undeclared identifier
e:\programs\project neon v2\project neon v2\source.cpp(36): error C2228: left of '.length' must have class/struct/union
  e:\programs\project neon v2\project neon v2\source.cpp(36): note: type is 'unknown-type'
e:\programs\project neon v2\project neon v2\source.cpp(43): error C2065: 'ifstream': undeclared identifier
e:\programs\project neon v2\project neon v2\source.cpp(43): error C2146: syntax error: missing ';' before identifier 'inputFile'
e:\programs\project neon v2\project neon v2\source.cpp(43): error C2065: 'inputFile': undeclared identifier
e:\programs\project neon v2\project neon v2\source.cpp(44): error C2065: 'string': undeclared identifier
e:\programs\project neon v2\project neon v2\source.cpp(44): error C2146: syntax error: missing ';' before identifier 'fileName'
e:\programs\project neon v2\project neon v2\source.cpp(44): error C2065: 'fileName': undeclared identifier
e:\programs\project neon v2\project neon v2\source.cpp(45): error C2065: 'pixelFont': undeclared identifier
e:\programs\project neon v2\project neon v2\source.cpp(49): error C2065: 'message': undeclared identifier
e:\programs\project neon v2\project neon v2\source.cpp(49): error C2228: left of '.length' must have class/struct/union
  e:\programs\project neon v2\project neon v2\source.cpp(49): note: type is 'unknown-type'
e:\programs\project neon v2\project neon v2\source.cpp(50): error C2065: 'message': undeclared identifier
e:\programs\project neon v2\project neon v2\source.cpp(52): error C2065: 'inputFile': undeclared identifier
e:\programs\project neon v2\project neon v2\source.cpp(52): error C2228: left of '.open' must have class/struct/union
  e:\programs\project neon v2\project neon v2\source.cpp(52): note: type is 'unknown-type'
e:\programs\project neon v2\project neon v2\source.cpp(52): error C2065: 'fileName': undeclared identifier
e:\programs\project neon v2\project neon v2\source.cpp(52): error C2228: left of '.c_str' must have class/struct/union
  e:\programs\project neon v2\project neon v2\source.cpp(52): note: type is 'unknown-type'
e:\programs\project neon v2\project neon v2\source.cpp(53): error C2065: 'message': undeclared identifier
e:\programs\project neon v2\project neon v2\source.cpp(54): error C2065: 'inputFile': undeclared identifier
e:\programs\project neon v2\project neon v2\source.cpp(54): error C2065: 'pixelFont': undeclared identifier
e:\programs\project neon v2\project neon v2\source.cpp(58): error C2065: 'pixelFont': undeclared identifier
e:\programs\project neon v2\project neon v2\source.cpp(69): error C2065: 'inputFile': undeclared identifier
e:\programs\project neon v2\project neon v2\source.cpp(69): error C2228: left of '.close' must have class/struct/union
  e:\programs\project neon v2\project neon v2\source.cpp(69): note: type is 'unknown-type'
